190518 23:21:04 mysqld_safe Starting mysqld daemon with databases from /var/lib/mysql
2019-05-18 23:21:04 139732669037696 [Note] /usr/sbin/mysqld (mysqld 10.1.38-MariaDB-0ubuntu0.18.04.2) starting as process 1942 ...
2019-05-18 23:21:04 139732669037696 [Note] InnoDB: innodb_empty_free_list_algorithm has been changed to legacy because of small buffer pool size. In order to use backoff, increase buffer pool at least up to 20MB.

2019-05-18 23:21:04 139732669037696 [Note] InnoDB: Using mutexes to ref count buffer pool pages
2019-05-18 23:21:04 139732669037696 [Note] InnoDB: The InnoDB memory heap is disabled
2019-05-18 23:21:04 139732669037696 [Note] InnoDB: Mutexes and rw_locks use GCC atomic builtins
2019-05-18 23:21:04 139732669037696 [Note] InnoDB: GCC builtin __atomic_thread_fence() is used for memory barrier
2019-05-18 23:21:04 139732669037696 [Note] InnoDB: Compressed tables use zlib 1.2.11
2019-05-18 23:21:04 139732669037696 [Note] InnoDB: Using Linux native AIO
2019-05-18 23:21:04 139732669037696 [Note] InnoDB: Using SSE crc32 instructions
2019-05-18 23:21:04 139732669037696 [Note] InnoDB: Initializing buffer pool, size = 128.0M
2019-05-18 23:21:04 139732669037696 [Note] InnoDB: Completed initialization of buffer pool
2019-05-18 23:21:04 139732669037696 [Note] InnoDB: Highest supported file format is Barracuda.
2019-05-18 23:21:04 139732669037696 [Note] InnoDB: 128 rollback segment(s) are active.
2019-05-18 23:21:04 139732669037696 [Note] InnoDB: Waiting for purge to start
2019-05-18 23:21:04 139732669037696 [Note] InnoDB:  Percona XtraDB (http://www.percona.com) 5.6.42-84.2 started; log sequence number 1600677
2019-05-18 23:21:04 139732004632320 [Note] InnoDB: Dumping buffer pool(s) not yet started
2019-05-18 23:21:04 139732669037696 [Note] Plugin 'FEEDBACK' is disabled.
2019-05-18 23:21:04 139732669037696 [ERROR] Could not open mysql.plugin table. Some plugins may be not loaded
2019-05-18 23:21:04 139732669037696 [Note] Recovering after a crash using tc.log
2019-05-18 23:21:04 139732669037696 [Note] Starting crash recovery...
2019-05-18 23:21:04 139732669037696 [Note] Crash recovery finished.
2019-05-18 23:21:04 139732669037696 [ERROR] Can't open and lock privilege tables: Table 'mysql.servers' doesn't exist
2019-05-18 23:21:04 139732669037696 [Note] Server socket created on IP: '127.0.0.1'.
2019-05-18 23:21:04 139732669037696 [ERROR] Fatal error: Can't open and lock privilege tables: Table 'mysql.user' doesn't exist
190518 23:21:05 mysqld_safe mysqld from pid file /var/run/mysqld/mysqld.pid ended
190518 23:22:28 mysqld_safe Starting mysqld daemon with databases from /var/lib/mysql
2019-05-18 23:22:28 140123995921536 [Note] /usr/sbin/mysqld (mysqld 10.1.38-MariaDB-0ubuntu0.18.04.2) starting as process 2125 ...
2019-05-18 23:22:29 140123995921536 [Note] InnoDB: innodb_empty_free_list_algorithm has been changed to legacy because of small buffer pool size. In order to use backoff, increase buffer pool at least up to 20MB.

2019-05-18 23:22:29 140123995921536 [Note] InnoDB: Using mutexes to ref count buffer pool pages
2019-05-18 23:22:29 140123995921536 [Note] InnoDB: The InnoDB memory heap is disabled
2019-05-18 23:22:29 140123995921536 [Note] InnoDB: Mutexes and rw_locks use GCC atomic builtins
2019-05-18 23:22:29 140123995921536 [Note] InnoDB: GCC builtin __atomic_thread_fence() is used for memory barrier
2019-05-18 23:22:29 140123995921536 [Note] InnoDB: Compressed tables use zlib 1.2.11
2019-05-18 23:22:29 140123995921536 [Note] InnoDB: Using Linux native AIO
2019-05-18 23:22:29 140123995921536 [Note] InnoDB: Using SSE crc32 instructions
2019-05-18 23:22:29 140123995921536 [Note] InnoDB: Initializing buffer pool, size = 128.0M
2019-05-18 23:22:29 140123995921536 [Note] InnoDB: Completed initialization of buffer pool
2019-05-18 23:22:29 140123995921536 [Note] InnoDB: Highest supported file format is Barracuda.
2019-05-18 23:22:29 140123995921536 [Note] InnoDB: The log sequence number 1600677 in ibdata file do not match the log sequence number 1600687 in the ib_logfiles!
2019-05-18 23:22:29 140123995921536 [Note] InnoDB: Restoring possible half-written data pages from the doublewrite buffer...
2019-05-18 23:22:29 140123995921536 [Note] InnoDB: 128 rollback segment(s) are active.
2019-05-18 23:22:29 140123995921536 [Note] InnoDB: Waiting for purge to start
2019-05-18 23:22:29 140123995921536 [Note] InnoDB:  Percona XtraDB (http://www.percona.com) 5.6.42-84.2 started; log sequence number 1600687
2019-05-18 23:22:29 140123333195520 [Note] InnoDB: Dumping buffer pool(s) not yet started
2019-05-18 23:22:29 140123995921536 [Note] Plugin 'FEEDBACK' is disabled.
2019-05-18 23:22:29 140123995921536 [ERROR] Could not open mysql.plugin table. Some plugins may be not loaded
2019-05-18 23:22:29 140123995921536 [Note] Recovering after a crash using tc.log
2019-05-18 23:22:29 140123995921536 [Note] Starting crash recovery...
2019-05-18 23:22:29 140123995921536 [Note] Crash recovery finished.
2019-05-18 23:22:29 140123995921536 [ERROR] Can't open and lock privilege tables: Table 'mysql.servers' doesn't exist
2019-05-18 23:22:29 140123995921536 [Note] Server socket created on IP: '127.0.0.1'.
2019-05-18 23:22:29 140123995921536 [ERROR] Fatal error: Can't open and lock privilege tables: Table 'mysql.user' doesn't exist
190518 23:22:29 mysqld_safe mysqld from pid file /var/run/mysqld/mysqld.pid ended
190518 23:27:52 mysqld_safe Starting mysqld daemon with databases from /var/lib/mysql
2019-05-18 23:27:53 140589011688576 [Note] /usr/sbin/mysqld (mysqld 10.1.38-MariaDB-0ubuntu0.18.04.2) starting as process 2511 ...
2019-05-18 23:27:53 140589011688576 [Note] InnoDB: innodb_empty_free_list_algorithm has been changed to legacy because of small buffer pool size. In order to use backoff, increase buffer pool at least up to 20MB.

2019-05-18 23:27:53 140589011688576 [Note] InnoDB: Using mutexes to ref count buffer pool pages
2019-05-18 23:27:53 140589011688576 [Note] InnoDB: The InnoDB memory heap is disabled
2019-05-18 23:27:53 140589011688576 [Note] InnoDB: Mutexes and rw_locks use GCC atomic builtins
2019-05-18 23:27:53 140589011688576 [Note] InnoDB: GCC builtin __atomic_thread_fence() is used for memory barrier
2019-05-18 23:27:53 140589011688576 [Note] InnoDB: Compressed tables use zlib 1.2.11
2019-05-18 23:27:53 140589011688576 [Note] InnoDB: Using Linux native AIO
2019-05-18 23:27:53 140589011688576 [Note] InnoDB: Using SSE crc32 instructions
2019-05-18 23:27:53 140589011688576 [Note] InnoDB: Initializing buffer pool, size = 128.0M
2019-05-18 23:27:53 140589011688576 [Note] InnoDB: Completed initialization of buffer pool
2019-05-18 23:27:53 140589011688576 [Note] InnoDB: The first specified data file ./ibdata1 did not exist: a new database to be created!
2019-05-18 23:27:53 140589011688576 [Note] InnoDB: Setting file ./ibdata1 size to 12 MB
2019-05-18 23:27:53 140589011688576 [Note] InnoDB: Setting log file ./ib_logfile101 size to 48 MB
2019-05-18 23:27:54 140589011688576 [Note] InnoDB: Setting log file ./ib_logfile1 size to 48 MB
2019-05-18 23:27:55 140589011688576 [Note] InnoDB: Renaming log file ./ib_logfile101 to ./ib_logfile0
2019-05-18 23:27:55 140589011688576 [Warning] InnoDB: New log files created, LSN=45781
2019-05-18 23:27:55 140589011688576 [Note] InnoDB: Doublewrite buffer not found: creating new
2019-05-18 23:27:55 140589011688576 [Note] InnoDB: Doublewrite buffer created
2019-05-18 23:27:55 140589011688576 [Note] InnoDB: 128 rollback segment(s) are active.
2019-05-18 23:27:55 140589011688576 [Warning] InnoDB: Creating foreign key constraint system tables.
2019-05-18 23:27:55 140589011688576 [Note] InnoDB: Foreign key constraint system tables created
2019-05-18 23:27:55 140589011688576 [Note] InnoDB: Creating tablespace and datafile system tables.
2019-05-18 23:27:55 140589011688576 [Note] InnoDB: Tablespace and datafile system tables created.
2019-05-18 23:27:55 140589011688576 [Note] InnoDB: Waiting for purge to start
2019-05-18 23:27:55 140589011688576 [Note] InnoDB:  Percona XtraDB (http://www.percona.com) 5.6.42-84.2 started; log sequence number 0
2019-05-18 23:27:55 140588351485696 [Note] InnoDB: Dumping buffer pool(s) not yet started
2019-05-18 23:27:55 140589011688576 [Note] Plugin 'FEEDBACK' is disabled.
2019-05-18 23:27:55 140589011688576 [ERROR] Could not open mysql.plugin table. Some plugins may be not loaded
2019-05-18 23:27:55 140589011688576 [ERROR] Can't open and lock privilege tables: Table 'mysql.servers' doesn't exist
2019-05-18 23:27:55 140589011688576 [Note] Server socket created on IP: '127.0.0.1'.
2019-05-18 23:27:55 140589011688576 [ERROR] Fatal error: Can't open and lock privilege tables: Table 'mysql.user' doesn't exist
190518 23:27:55 mysqld_safe mysqld from pid file /var/run/mysqld/mysqld.pid ended
190518 23:28:44 mysqld_safe Starting mysqld daemon with databases from /var/lib/mysql
2019-05-18 23:28:44 140634554649728 [Note] /usr/sbin/mysqld (mysqld 10.1.38-MariaDB-0ubuntu0.18.04.2) starting as process 2690 ...
2019-05-18 23:28:44 140634554649728 [Note] InnoDB: innodb_empty_free_list_algorithm has been changed to legacy because of small buffer pool size. In order to use backoff, increase buffer pool at least up to 20MB.

2019-05-18 23:28:44 140634554649728 [Note] InnoDB: Using mutexes to ref count buffer pool pages
2019-05-18 23:28:44 140634554649728 [Note] InnoDB: The InnoDB memory heap is disabled
2019-05-18 23:28:44 140634554649728 [Note] InnoDB: Mutexes and rw_locks use GCC atomic builtins
2019-05-18 23:28:44 140634554649728 [Note] InnoDB: GCC builtin __atomic_thread_fence() is used for memory barrier
2019-05-18 23:28:44 140634554649728 [Note] InnoDB: Compressed tables use zlib 1.2.11
2019-05-18 23:28:44 140634554649728 [Note] InnoDB: Using Linux native AIO
2019-05-18 23:28:44 140634554649728 [Note] InnoDB: Using SSE crc32 instructions
2019-05-18 23:28:44 140634554649728 [Note] InnoDB: Initializing buffer pool, size = 128.0M
2019-05-18 23:28:44 140634554649728 [Note] InnoDB: Completed initialization of buffer pool
2019-05-18 23:28:44 140634554649728 [Note] InnoDB: The first specified data file ./ibdata1 did not exist: a new database to be created!
2019-05-18 23:28:44 140634554649728 [Note] InnoDB: Setting file ./ibdata1 size to 12 MB
2019-05-18 23:28:45 140634554649728 [Note] InnoDB: Setting log file ./ib_logfile101 size to 48 MB
2019-05-18 23:28:45 140634554649728 [Note] InnoDB: Setting log file ./ib_logfile1 size to 48 MB
2019-05-18 23:28:46 140634554649728 [Note] InnoDB: Renaming log file ./ib_logfile101 to ./ib_logfile0
2019-05-18 23:28:46 140634554649728 [Warning] InnoDB: New log files created, LSN=45781
2019-05-18 23:28:46 140634554649728 [Note] InnoDB: Doublewrite buffer not found: creating new
2019-05-18 23:28:46 140634554649728 [Note] InnoDB: Doublewrite buffer created
2019-05-18 23:28:46 140634554649728 [Note] InnoDB: 128 rollback segment(s) are active.
2019-05-18 23:28:46 140634554649728 [Warning] InnoDB: Creating foreign key constraint system tables.
2019-05-18 23:28:46 140634554649728 [Note] InnoDB: Foreign key constraint system tables created
2019-05-18 23:28:46 140634554649728 [Note] InnoDB: Creating tablespace and datafile system tables.
2019-05-18 23:28:46 140634554649728 [Note] InnoDB: Tablespace and datafile system tables created.
2019-05-18 23:28:46 140634554649728 [Note] InnoDB: Waiting for purge to start
2019-05-18 23:28:47 140634554649728 [Note] InnoDB:  Percona XtraDB (http://www.percona.com) 5.6.42-84.2 started; log sequence number 0
2019-05-18 23:28:47 140633897432832 [Note] InnoDB: Dumping buffer pool(s) not yet started
2019-05-18 23:28:47 140634554649728 [Note] Plugin 'FEEDBACK' is disabled.
2019-05-18 23:28:47 140634554649728 [ERROR] Could not open mysql.plugin table. Some plugins may be not loaded
2019-05-18 23:28:47 140634554649728 [ERROR] Can't open and lock privilege tables: Table 'mysql.servers' doesn't exist
2019-05-18 23:28:47 140634554649728 [Note] Server socket created on IP: '127.0.0.1'.
2019-05-18 23:28:47 140634554649728 [ERROR] Fatal error: Can't open and lock privilege tables: Table 'mysql.user' doesn't exist
190518 23:28:47 mysqld_safe mysqld from pid file /var/run/mysqld/mysqld.pid ended
